build/app/intermediates/manifest_merge_blame_file/debug/processDebugMainManifest/manifest-merger-blame-debug-report.txt
1<?xml version="1.0" encoding="utf-8"?>
2<manifest xmlns:android="http://schemas.android.com/apk/res/android"
3    package="com.iqonic.provider"
4    android:versionCode="100"
5    android:versionName="11.14.3" >
6
7    <uses-sdk
8        android:minSdkVersion="24"
9        android:targetSdkVersion="36" />
10    <!--
11         Flutter needs it to communicate with the running application
12         to allow setting breakpoints, to provide hot reload, etc.
13    -->
14    <uses-permission android:name="android.permission.INTERNET" />
14-->src\main\AndroidManifest.xml:4:5-67
14-->src\main\AndroidManifest.xml:4:22-64
15    <uses-permission android:name="android.permission.WRITE_EXTERNAL_STORAGE" />
15-->src\main\AndroidManifest.xml:5:5-81
15-->src\main\AndroidManifest.xml:5:22-78
16    <uses-permission android:name="android.permission.READ_EXTERNAL_STORAGE" />
16-->src\main\AndroidManifest.xml:6:5-80
16-->src\main\AndroidManifest.xml:6:22-77
17    <uses-permission android:name="android.permission.ACCESS_FINE_LOCATION" />
17-->src\main\AndroidManifest.xml:7:5-79
17-->src\main\AndroidManifest.xml:7:22-76
18    <uses-permission android:name="android.permission.ACCESS_COARSE_LOCATION" />
18-->src\main\AndroidManifest.xml:8:5-81
18-->src\main\AndroidManifest.xml:8:22-78
19    <uses-permission android:name="android.permission.POST_NOTIFICATIONS" />
19-->src\main\AndroidManifest.xml:9:5-77
19-->src\main\AndroidManifest.xml:9:22-74
20
21    <queries>
21-->src\main\AndroidManifest.xml:11:5-20:15
22        <intent>
22-->src\main\AndroidManifest.xml:12:9-15:18
23            <action android:name="android.intent.action.VIEW" />
23-->src\main\AndroidManifest.xml:13:13-65
23-->src\main\AndroidManifest.xml:13:21-62
24
25            <data android:scheme="https" />
25-->src\main\AndroidManifest.xml:14:13-44
25-->src\main\AndroidManifest.xml:14:19-41
26        </intent>
27        <intent>
27-->src\main\AndroidManifest.xml:16:9-19:18
28            <action android:name="android.intent.action.SEND" />
28-->src\main\AndroidManifest.xml:17:13-65
28-->src\main\AndroidManifest.xml:17:21-62
29
30            <data android:mimeType="*/*" />
30-->src\main\AndroidManifest.xml:14:13-44
31        </intent>
32        <intent>
32-->[:file_picker] AndroidManifest.xml:8:9-12:18
33            <action android:name="android.intent.action.GET_CONTENT" />
33-->[:file_picker] AndroidManifest.xml:9:13-72
33-->[:file_picker] AndroidManifest.xml:9:21-69
34
35            <data android:mimeType="*/*" />
35-->src\main\AndroidManifest.xml:14:13-44
36        </intent>
37        <intent>
37-->[:flutter_inappwebview_android] AndroidManifest.xml:8:9-10:18
38            <action android:name="android.support.customtabs.action.CustomTabsService" />
38-->[:flutter_inappwebview_android] AndroidManifest.xml:9:13-90
38-->[:flutter_inappwebview_android] AndroidManifest.xml:9:21-87
39        </intent> <!-- Added to check the default browser that will host the AuthFlow. -->
40        <intent>
40-->[com.stripe:financial-connections:21.6.0] AndroidManifest.xml:13:9-17:18
41            <action android:name="android.intent.action.VIEW" />
41-->src\main\AndroidManifest.xml:13:13-65
41-->src\main\AndroidManifest.xml:13:21-62
42
43            <data android:scheme="http" />
43-->src\main\AndroidManifest.xml:14:13-44
43-->src\main\AndroidManifest.xml:14:19-41
44        </intent> <!-- Added to check if Chrome is installed for browser-based payment authentication (e.g. 3DS1). -->
45        <package android:name="com.android.chrome" />
45-->[com.stripe:payments-core:21.6.0] AndroidManifest.xml:11:9-54
45-->[com.stripe:payments-core:21.6.0] AndroidManifest.xml:11:18-51
46        <package android:name="com.gojek.app" />
46-->[com.midtrans:uikit:1.31.1-SANDBOX] AndroidManifest.xml:17:9-49
46-->[com.midtrans:uikit:1.31.1-SANDBOX] AndroidManifest.xml:17:18-46
47        <package android:name="com.phonepe.app" />
47-->[phonepe.intentsdk.android.release:IntentSDK:5.1.1] AndroidManifest.xml:8:9-51
47-->[phonepe.intentsdk.android.release:IntentSDK:5.1.1] AndroidManifest.xml:8:18-48
48        <package android:name="com.phonepe.simulator" />
48-->[phonepe.intentsdk.android.release:IntentSDK:5.1.1] AndroidManifest.xml:9:9-57
48-->[phonepe.intentsdk.android.release:IntentSDK:5.1.1] AndroidManifest.xml:9:18-54
49
50        <intent>
50-->[phonepe.intentsdk.android.release:IntentSDK:5.1.1] AndroidManifest.xml:11:9-17:18
51            <action android:name="android.intent.action.VIEW" />
51-->src\main\AndroidManifest.xml:13:13-65
51-->src\main\AndroidManifest.xml:13:21-62
52
53            <data
53-->src\main\AndroidManifest.xml:14:13-44
54                android:host="pay"
55                android:scheme="upi" />
55-->src\main\AndroidManifest.xml:14:19-41
56        </intent>
57        <intent>
57-->[phonepe.intentsdk.android.release:IntentSDK:5.1.1] AndroidManifest.xml:18:9-24:18
58            <action android:name="android.intent.action.VIEW" />
58-->src\main\AndroidManifest.xml:13:13-65
58-->src\main\AndroidManifest.xml:13:21-62
59
60            <data
60-->src\main\AndroidManifest.xml:14:13-44
61                android:host="upi"
62                android:scheme="mandate" />
62-->src\main\AndroidManifest.xml:14:19-41
63        </intent>
64        <intent>
64-->[com.razorpay:standard-core:1.6.54] AndroidManifest.xml:11:9-17:18
65            <action android:name="android.intent.action.VIEW" />
65-->src\main\AndroidManifest.xml:13:13-65
65-->src\main\AndroidManifest.xml:13:21-62
66
67            <data
67-->src\main\AndroidManifest.xml:14:13-44
68                android:mimeType="*/*"
69                android:scheme="*" />
69-->src\main\AndroidManifest.xml:14:19-41
70        </intent>
71        <intent>
71-->[com.razorpay:standard-core:1.6.54] AndroidManifest.xml:18:9-27:18
72            <action android:name="android.intent.action.VIEW" />
72-->src\main\AndroidManifest.xml:13:13-65
72-->src\main\AndroidManifest.xml:13:21-62
73
74            <category android:name="android.intent.category.BROWSABLE" />
74-->[com.stripe:financial-connections:21.6.0] AndroidManifest.xml:29:17-78
74-->[com.stripe:financial-connections:21.6.0] AndroidManifest.xml:29:27-75
75
76            <data
76-->src\main\AndroidManifest.xml:14:13-44
77                android:host="pay"
78                android:mimeType="*/*"
79                android:scheme="upi" />
79-->src\main\AndroidManifest.xml:14:19-41
80        </intent>
81        <intent>
81-->[com.razorpay:standard-core:1.6.54] AndroidManifest.xml:28:9-30:18
82            <action android:name="android.intent.action.MAIN" />
82-->src\main\AndroidManifest.xml:58:17-69
82-->src\main\AndroidManifest.xml:58:25-66
83        </intent>
84        <intent>
84-->[com.razorpay:standard-core:1.6.54] AndroidManifest.xml:36:9-38:18
85            <action android:name="rzp.device_token.share" />
85-->[com.razorpay:standard-core:1.6.54] AndroidManifest.xml:37:13-61
85-->[com.razorpay:standard-core:1.6.54] AndroidManifest.xml:37:21-58
86        </intent> <!-- Needs to be explicitly declared on Android R+ -->
87        <package android:name="com.google.android.apps.maps" />
87-->[com.google.android.gms:play-services-maps:19.2.0] AndroidManifest.xml:29:7-61
87-->[com.google.android.gms:play-services-maps:19.2.0] AndroidManifest.xml:29:16-59
88
89        <intent>
89-->[com.android.billingclient:billing:8.0.0] AndroidManifest.xml:13:9-15:18
90            <action android:name="com.android.vending.billing.InAppBillingService.BIND" />
90-->[com.android.billingclient:billing:8.0.0] AndroidManifest.xml:14:13-91
90-->[com.android.billingclient:billing:8.0.0] AndroidManifest.xml:14:21-88
91        </intent>
92        <intent>
92-->[com.android.billingclient:billing:8.0.0] AndroidManifest.xml:16:9-18:18
93            <action android:name="com.google.android.apps.play.billingtestcompanion.BillingOverrideService.BIND" />
93-->[com.android.billingclient:billing:8.0.0] AndroidManifest.xml:17:13-116
93-->[com.android.billingclient:billing:8.0.0] AndroidManifest.xml:17:21-113
94        </intent>
95    </queries>
96
97    <uses-permission android:name="android.permission.ACCESS_NETWORK_STATE" />
97-->[:nb_utils] AndroidManifest.xml:8:5-79
97-->[:nb_utils] AndroidManifest.xml:8:22-76
98    <uses-permission android:name="android.permission.VIBRATE" />
98-->[:flutter_local_notifications] AndroidManifest.xml:7:5-66
98-->[:flutter_local_notifications] AndroidManifest.xml:7:22-63
99    <uses-permission android:name="android.permission.WAKE_LOCK" />
99-->[:firebase_messaging] AndroidManifest.xml:8:5-68
99-->[:firebase_messaging] AndroidManifest.xml:8:22-65
100    <uses-permission android:name="android.permission.READ_PHONE_STATE" />
100-->[com.midtrans:uikit:1.31.1-SANDBOX] AndroidManifest.xml:14:5-75
100-->[com.midtrans:uikit:1.31.1-SANDBOX] AndroidManifest.xml:14:22-72
101    <uses-permission android:name="android.permission.CAMERA" /> <!-- Don't require camera, as this requires a rear camera. This allows it to work on the Nexus 7 -->
101-->[com.journeyapps:zxing-android-embedded:3.5.0] AndroidManifest.xml:21:5-65
101-->[com.journeyapps:zxing-android-embedded:3.5.0] AndroidManifest.xml:21:22-62
102    <uses-feature
102-->[com.journeyapps:zxing-android-embedded:3.5.0] AndroidManifest.xml:24:5-26:36
103        android:name="android.hardware.camera"
103-->[com.journeyapps:zxing-android-embedded:3.5.0] AndroidManifest.xml:25:9-47
104        android:required="false" />
104-->[com.journeyapps:zxing-android-embedded:3.5.0] AndroidManifest.xml:26:9-33
105    <uses-feature
105-->[com.journeyapps:zxing-android-embedded:3.5.0] AndroidManifest.xml:27:5-29:36
106        android:name="android.hardware.camera.front"
106-->[com.journeyapps:zxing-android-embedded:3.5.0] AndroidManifest.xml:28:9-53
107        android:required="false" /> <!-- TODO replace above two with next line after Android 4.2 -->
107-->[com.journeyapps:zxing-android-embedded:3.5.0] AndroidManifest.xml:29:9-33
108    <!-- <uses-feature android:name="android.hardware.camera.any"/> -->
109    <uses-feature
109-->[com.journeyapps:zxing-android-embedded:3.5.0] AndroidManifest.xml:32:5-34:36
110        android:name="android.hardware.camera.autofocus"
110-->[com.journeyapps:zxing-android-embedded:3.5.0] AndroidManifest.xml:33:9-57
111        android:required="false" />
111-->[com.journeyapps:zxing-android-embedded:3.5.0] AndroidManifest.xml:34:9-33
112    <uses-feature
112-->[com.journeyapps:zxing-android-embedded:3.5.0] AndroidManifest.xml:35:5-37:36
113        android:name="android.hardware.camera.flash"
113-->[com.journeyapps:zxing-android-embedded:3.5.0] AndroidManifest.xml:36:9-53
114        android:required="false" />
114-->[com.journeyapps:zxing-android-embedded:3.5.0] AndroidManifest.xml:37:9-33
115    <uses-feature
115-->[com.journeyapps:zxing-android-embedded:3.5.0] AndroidManifest.xml:38:5-40:36
116        android:name="android.hardware.screen.landscape"
116-->[com.journeyapps:zxing-android-embedded:3.5.0] AndroidManifest.xml:39:9-57
117        android:required="false" />
117-->[com.journeyapps:zxing-android-embedded:3.5.0] AndroidManifest.xml:40:9-33
118    <uses-feature
118-->[com.journeyapps:zxing-android-embedded:3.5.0] AndroidManifest.xml:41:5-43:36
119        android:name="android.hardware.wifi"
119-->[com.journeyapps:zxing-android-embedded:3.5.0] AndroidManifest.xml:42:9-45
120        android:required="false" />
120-->[com.journeyapps:zxing-android-embedded:3.5.0] AndroidManifest.xml:43:9-33
121
122    <meta-data
122-->[phonepe.intentsdk.android.release:IntentSDK:5.1.1] AndroidManifest.xml:30:5-32:32
123        android:name="android.webkit.WebView.EnableSafeBrowsing"
123-->[phonepe.intentsdk.android.release:IntentSDK:5.1.1] AndroidManifest.xml:31:9-65
124        android:value="true" />
124-->[phonepe.intentsdk.android.release:IntentSDK:5.1.1] AndroidManifest.xml:32:9-29
125
126    <uses-feature
126-->[com.google.android.gms:play-services-maps:19.2.0] AndroidManifest.xml:22:5-24:33
127        android:glEsVersion="0x00020000"
127-->[com.google.android.gms:play-services-maps:19.2.0] AndroidManifest.xml:23:8-40
128        android:required="true" />
128-->[com.google.android.gms:play-services-maps:19.2.0] AndroidManifest.xml:24:8-31
129
130    <uses-permission android:name="com.android.vending.BILLING" /> <!-- Required by older versions of Google Play services to create IID tokens -->
130-->[com.android.billingclient:billing:8.0.0] AndroidManifest.xml:10:5-67
130-->[com.android.billingclient:billing:8.0.0] AndroidManifest.xml:10:22-64
131    <uses-permission android:name="com.google.android.c2dm.permission.RECEIVE" />
131-->[com.google.firebase:firebase-messaging:24.1.2] AndroidManifest.xml:26:5-82
131-->[com.google.firebase:firebase-messaging:24.1.2] AndroidManifest.xml:26:22-79
132    <uses-permission android:name="com.google.android.finsky.permission.BIND_GET_INSTALL_REFERRER_SERVICE" />
132-->[com.google.android.gms:play-services-measurement:22.5.0] AndroidManifest.xml:26:5-110
132-->[com.google.android.gms:play-services-measurement:22.5.0] AndroidManifest.xml:26:22-107
133    <uses-permission android:name="com.google.android.gms.permission.AD_ID" />
133-->[com.google.android.gms:play-services-measurement-impl:22.5.0] AndroidManifest.xml:27:5-79
133-->[com.google.android.gms:play-services-measurement-impl:22.5.0] AndroidManifest.xml:27:22-76
134    <uses-permission android:name="android.permission.ACCESS_ADSERVICES_ATTRIBUTION" />
134-->[com.google.android.gms:play-services-measurement-api:22.5.0] AndroidManifest.xml:26:5-88
134-->[com.google.android.gms:play-services-measurement-api:22.5.0] AndroidManifest.xml:26:22-85
135    <uses-permission android:name="android.permission.ACCESS_ADSERVICES_AD_ID" />
135-->[com.google.android.gms:play-services-measurement-api:22.5.0] AndroidManifest.xml:27:5-82
135-->[com.google.android.gms:play-services-measurement-api:22.5.0] AndroidManifest.xml:27:22-79
136    <uses-permission android:name="com.google.android.providers.gsf.permission.READ_GSERVICES" />
136-->[com.google.android.recaptcha:recaptcha:18.6.1] AndroidManifest.xml:9:5-98
136-->[com.google.android.recaptcha:recaptcha:18.6.1] AndroidManifest.xml:9:22-95
137
138    <permission
138-->[androidx.core:core:1.16.0] AndroidManifest.xml:22:5-24:47
139        android:name="com.iqonic.provider.DYNAMIC_RECEIVER_NOT_EXPORTED_PERMISSION"
139-->[androidx.core:core:1.16.0] AndroidManifest.xml:23:9-81
140        android:protectionLevel="signature" />
140-->[androidx.core:core:1.16.0] AndroidManifest.xml:24:9-44
141
142    <uses-permission android:name="com.iqonic.provider.DYNAMIC_RECEIVER_NOT_EXPORTED_PERMISSION" />
142-->[androidx.core:core:1.16.0] AndroidManifest.xml:26:5-97
142-->[androidx.core:core:1.16.0] AndroidManifest.xml:26:22-94
143
144    <application
144-->src\main\AndroidManifest.xml:21:5-100:19
145        android:allowBackup="false"
145-->src\main\AndroidManifest.xml:24:9-36
146        android:appComponentFactory="androidx.core.app.CoreComponentFactory"
146-->[androidx.core:core:1.16.0] AndroidManifest.xml:28:18-86
147        android:debuggable="true"
148        android:extractNativeLibs="false"
149        android:fullBackupContent="false"
149-->src\main\AndroidManifest.xml:25:9-42
150        android:icon="@mipmap/ic_launcher"
150-->src\main\AndroidManifest.xml:22:9-43
151        android:label="Provider"
151-->src\main\AndroidManifest.xml:23:9-33
152        android:supportsRtl="true"
152-->[com.midtrans:corekit:1.31.1-SANDBOX] AndroidManifest.xml:16:9-35
153        android:usesCleartextTraffic="false" >
153-->[com.midtrans:uikit:1.31.1-SANDBOX] AndroidManifest.xml:22:9-45
154        <meta-data
154-->src\main\AndroidManifest.xml:28:9-30:72
155            android:name="com.google.firebase.messaging.default_notification_icon"
155-->src\main\AndroidManifest.xml:29:17-87
156            android:resource="@drawable/ic_stat_ic_notification" />
156-->src\main\AndroidManifest.xml:30:17-69
157
158        <activity
158-->src\main\AndroidManifest.xml:32:9-72:20
159            android:name="com.iqonic.provider.MainActivity"
159-->src\main\AndroidManifest.xml:33:13-41
160            android:configChanges="orientation|keyboardHidden|keyboard|screenSize|smallestScreenSize|locale|layoutDirection|fontScale|screenLayout|density|uiMode"
160-->src\main\AndroidManifest.xml:34:13-163
161            android:exported="true"
161-->src\main\AndroidManifest.xml:35:13-36
162            android:hardwareAccelerated="true"
162-->src\main\AndroidManifest.xml:36:13-47
163            android:launchMode="singleTop"
163-->src\main\AndroidManifest.xml:37:13-43
164            android:theme="@style/LaunchTheme"
164-->src\main\AndroidManifest.xml:38:13-47
165            android:windowSoftInputMode="adjustResize" >
165-->src\main\AndroidManifest.xml:39:13-55
166
167            <!--
168                 Specifies an Android theme to apply to this Activity as soon as
169                 the Android process has started. This theme is visible to the user
170                 while the Flutter UI initializes. After that, this theme continues
171                 to determine the Window background behind the Flutter UI.
172            -->
173            <meta-data
173-->src\main\AndroidManifest.xml:44:13-46:57
174                android:name="io.flutter.embedding.android.NormalTheme"
174-->src\main\AndroidManifest.xml:45:17-72
175                android:resource="@style/NormalTheme" />
175-->src\main\AndroidManifest.xml:46:17-54
176
177            <!--
178                 Displays an Android View that continues showing the launch screen
179                 Drawable until Flutter paints its first frame, then this splash
180                 screen fades out. A splash screen is useful to avoid any visual
181                 gap between the end of Android's launch screen and the painting of
182                 Flutter's first frame.
183            -->
184            <meta-data
184-->src\main\AndroidManifest.xml:53:13-55:66
185                android:name="io.flutter.embedding.android.SplashScreenDrawable"
185-->src\main\AndroidManifest.xml:54:17-81
186                android:resource="@drawable/launch_background" />
186-->src\main\AndroidManifest.xml:55:17-63
187
188            <intent-filter>
188-->src\main\AndroidManifest.xml:57:13-60:29
189                <action android:name="android.intent.action.MAIN" />
189-->src\main\AndroidManifest.xml:58:17-69
189-->src\main\AndroidManifest.xml:58:25-66
190
191                <category android:name="android.intent.category.LAUNCHER" />
191-->src\main\AndroidManifest.xml:59:17-77
191-->src\main\AndroidManifest.xml:59:27-74
192            </intent-filter>
193            <intent-filter>
193-->src\main\AndroidManifest.xml:62:14-65:29
194                <action android:name="FLUTTER_NOTIFICATION_CLICK" />
194-->src\main\AndroidManifest.xml:63:17-69
194-->src\main\AndroidManifest.xml:63:25-66
195
196                <category android:name="android.intent.category.DEFAULT" />
196-->src\main\AndroidManifest.xml:64:17-76
196-->src\main\AndroidManifest.xml:64:27-73
197            </intent-filter>
198
199            <meta-data
199-->src\main\AndroidManifest.xml:28:9-30:72
200                android:name="com.google.firebase.messaging.default_notification_icon"
200-->src\main\AndroidManifest.xml:29:17-87
201                android:resource="@drawable/ic_stat_ic_notification" />
201-->src\main\AndroidManifest.xml:30:17-69
202            <meta-data
202-->src\main\AndroidManifest.xml:69:13-71:48
203                android:name="com.google.firebase.messaging.default_notification_channel_id"
203-->src\main\AndroidManifest.xml:70:17-93
204                android:value="notification" />
204-->src\main\AndroidManifest.xml:71:17-45
205        </activity>
206        <activity
206-->src\main\AndroidManifest.xml:73:9-76:71
207            android:name="com.yalantis.ucrop.UCropActivity"
207-->src\main\AndroidManifest.xml:74:13-60
208            android:screenOrientation="portrait"
208-->src\main\AndroidManifest.xml:75:13-49
209            android:theme="@style/Theme.AppCompat.Light.NoActionBar" />
209-->src\main\AndroidManifest.xml:76:13-69
210        <!--
211        <activity
212            android:name="com.braintreepayments.api.BraintreeBrowserSwitchActivity"
213            android:exported="false"
214            android:launchMode="singleTask"
215            tools:ignore="AppLinkUrlError">
216            <intent-filter>
217                <action android:name="android.intent.action.VIEW" />
218
219                <category android:name="android.intent.category.DEFAULT" />
220                <category android:name="android.intent.category.BROWSABLE" />
221
222                <data android:scheme="${applicationId}.braintree" />
223            </intent-filter>
224        </activity>
225        -->
226
227
228        <!--
229             Don't delete the meta-data below.
230             This is used by the Flutter tool to generate GeneratedPluginRegistrant.java
231        -->
232        <meta-data
232-->src\main\AndroidManifest.xml:94:10-96:50
233            android:name="com.google.android.geo.API_KEY"
233-->src\main\AndroidManifest.xml:95:17-62
234            android:value="GOOGLE MAP KEY" />
234-->src\main\AndroidManifest.xml:96:17-47
235        <meta-data
235-->src\main\AndroidManifest.xml:97:9-99:33
236            android:name="flutterEmbedding"
236-->src\main\AndroidManifest.xml:98:13-44
237            android:value="2" />
237-->src\main\AndroidManifest.xml:99:13-30
238
239        <activity
239-->[:flutter_paystack] AndroidManifest.xml:8:9-10:54
240            android:name="co.paystack.flutterpaystack.AuthActivity"
240-->[:flutter_paystack] AndroidManifest.xml:9:13-68
241            android:theme="@style/Paystack.Dialog" />
241-->[:flutter_paystack] AndroidManifest.xml:10:13-51
242        <!--
243           Declares a provider which allows us to store files to share in
244           '.../caches/share_plus' and grant the receiving action access
245        -->
246        <provider
246-->[:share_plus] AndroidManifest.xml:13:9-21:20
247            android:name="dev.fluttercommunity.plus.share.ShareFileProvider"
247-->[:share_plus] AndroidManifest.xml:14:13-77
248            android:authorities="com.iqonic.provider.flutter.share_provider"
248-->[:share_plus] AndroidManifest.xml:15:13-74
249            android:exported="false"
249-->[:share_plus] AndroidManifest.xml:16:13-37
250            android:grantUriPermissions="true" >
250-->[:share_plus] AndroidManifest.xml:17:13-47
251            <meta-data
251-->[:share_plus] AndroidManifest.xml:18:13-20:68
252                android:name="android.support.FILE_PROVIDER_PATHS"
252-->[:share_plus] AndroidManifest.xml:19:17-67
253                android:resource="@xml/flutter_share_file_paths" />
253-->[:share_plus] AndroidManifest.xml:20:17-65
254        </provider>
255        <!--
256           This manifest declared broadcast receiver allows us to use an explicit
257           Intent when creating a PendingItent to be informed of the user's choice
258        -->
259        <receiver
259-->[:share_plus] AndroidManifest.xml:26:9-32:20
260            android:name="dev.fluttercommunity.plus.share.SharePlusPendingIntent"
260-->[:share_plus] AndroidManifest.xml:27:13-82
261            android:exported="false" >
261-->[:share_plus] AndroidManifest.xml:28:13-37
262            <intent-filter>
262-->[:share_plus] AndroidManifest.xml:29:13-31:29
263                <action android:name="EXTRA_CHOSEN_COMPONENT" />
263-->[:share_plus] AndroidManifest.xml:30:17-65
263-->[:share_plus] AndroidManifest.xml:30:25-62
264            </intent-filter>
265        </receiver>
266
267        <service
267-->[:geolocator_android] AndroidManifest.xml:8:9-12:56
268            android:name="com.baseflow.geolocator.GeolocatorLocationService"
268-->[:geolocator_android] AndroidManifest.xml:9:13-77
269            android:enabled="true"
269-->[:geolocator_android] AndroidManifest.xml:10:13-35
270            android:exported="false"
270-->[:geolocator_android] AndroidManifest.xml:11:13-37
271            android:foregroundServiceType="location" />
271-->[:geolocator_android] AndroidManifest.xml:12:13-53
272
273        <provider
273-->[:image_picker_android] AndroidManifest.xml:9:9-17:20
274            android:name="io.flutter.plugins.imagepicker.ImagePickerFileProvider"
274-->[:image_picker_android] AndroidManifest.xml:10:13-82
275            android:authorities="com.iqonic.provider.flutter.image_provider"
275-->[:image_picker_android] AndroidManifest.xml:11:13-74
276            android:exported="false"
276-->[:image_picker_android] AndroidManifest.xml:12:13-37
277            android:grantUriPermissions="true" >
277-->[:image_picker_android] AndroidManifest.xml:13:13-47
278            <meta-data
278-->[:share_plus] AndroidManifest.xml:18:13-20:68
279                android:name="android.support.FILE_PROVIDER_PATHS"
279-->[:share_plus] AndroidManifest.xml:19:17-67
280                android:resource="@xml/flutter_image_picker_file_paths" />
280-->[:share_plus] AndroidManifest.xml:20:17-65
281        </provider> <!-- Trigger Google Play services to install the backported photo picker module. -->
282        <service
282-->[:image_picker_android] AndroidManifest.xml:19:9-31:19
283            android:name="com.google.android.gms.metadata.ModuleDependencies"
283-->[:image_picker_android] AndroidManifest.xml:20:13-78
284            android:enabled="false"
284-->[:image_picker_android] AndroidManifest.xml:21:13-36
285            android:exported="false" >
285-->[:image_picker_android] AndroidManifest.xml:22:13-37
286            <intent-filter>
286-->[:image_picker_android] AndroidManifest.xml:24:13-26:29
287                <action android:name="com.google.android.gms.metadata.MODULE_DEPENDENCIES" />
287-->[:image_picker_android] AndroidManifest.xml:25:17-94
287-->[:image_picker_android] AndroidManifest.xml:25:25-91
288            </intent-filter>
289
290            <meta-data
290-->[:image_picker_android] AndroidManifest.xml:28:13-30:36
291                android:name="photopicker_activity:0:required"
291-->[:image_picker_android] AndroidManifest.xml:29:17-63
292                android:value="" />
292-->[:image_picker_android] AndroidManifest.xml:30:17-33
293        </service>
294
295        <activity
295-->[:url_launcher_android] AndroidManifest.xml:8:9-11:74
296            android:name="io.flutter.plugins.urllauncher.WebViewActivity"
296-->[:url_launcher_android] AndroidManifest.xml:9:13-74
297            android:exported="false"
297-->[:url_launcher_android] AndroidManifest.xml:10:13-37
298            android:theme="@android:style/Theme.NoTitleBar.Fullscreen" />
298-->[:url_launcher_android] AndroidManifest.xml:11:13-71
299
300        <service
300-->[:cloud_firestore] AndroidManifest.xml:8:9-12:19
301            android:name="com.google.firebase.components.ComponentDiscoveryService"
301-->[:cloud_firestore] AndroidManifest.xml:8:18-89
302            android:directBootAware="true"
302-->[com.google.firebase:firebase-common:21.0.0] AndroidManifest.xml:32:13-43
303            android:exported="false" >
303-->[com.google.firebase:firebase-auth:23.2.1] AndroidManifest.xml:68:13-37
304            <meta-data
304-->[:cloud_firestore] AndroidManifest.xml:9:13-11:85
305                android:name="com.google.firebase.components:io.flutter.plugins.firebase.firestore.FlutterFirebaseFirestoreRegistrar"
305-->[:cloud_firestore] AndroidManifest.xml:10:17-134
306                android:value="com.google.firebase.components.ComponentRegistrar" />
306-->[:cloud_firestore] AndroidManifest.xml:11:17-82
307            <meta-data
307-->[:firebase_auth] AndroidManifest.xml:9:13-11:85
308                android:name="com.google.firebase.components:io.flutter.plugins.firebase.auth.FlutterFirebaseAuthRegistrar"
308-->[:firebase_auth] AndroidManifest.xml:10:17-124
309                android:value="com.google.firebase.components.ComponentRegistrar" />
309-->[:firebase_auth] AndroidManifest.xml:11:17-82
310            <meta-data
310-->[:firebase_crashlytics] AndroidManifest.xml:9:13-11:85
311                android:name="com.google.firebase.components:io.flutter.plugins.firebase.crashlytics.FlutterFirebaseAppRegistrar"
311-->[:firebase_crashlytics] AndroidManifest.xml:10:17-130
312                android:value="com.google.firebase.components.ComponentRegistrar" />
312-->[:firebase_crashlytics] AndroidManifest.xml:11:17-82
313            <meta-data
313-->[:firebase_database] AndroidManifest.xml:9:13-11:85
314                android:name="com.google.firebase.components:io.flutter.plugins.firebase.database.FlutterFirebaseAppRegistrar"
314-->[:firebase_database] AndroidManifest.xml:10:17-127
315                android:value="com.google.firebase.components.ComponentRegistrar" />
315-->[:firebase_database] AndroidManifest.xml:11:17-82
316            <meta-data
316-->[:firebase_messaging] AndroidManifest.xml:36:13-38:85
317                android:name="com.google.firebase.components:io.flutter.plugins.firebase.messaging.FlutterFirebaseAppRegistrar"
317-->[:firebase_messaging] AndroidManifest.xml:37:17-128
318                android:value="com.google.firebase.components.ComponentRegistrar" />
318-->[:firebase_messaging] AndroidManifest.xml:38:17-82
319            <meta-data
319-->[:firebase_storage] AndroidManifest.xml:9:13-11:85
320                android:name="com.google.firebase.components:io.flutter.plugins.firebase.storage.FlutterFirebaseAppRegistrar"
320-->[:firebase_storage] AndroidManifest.xml:10:17-126
321                android:value="com.google.firebase.components.ComponentRegistrar" />
321-->[:firebase_storage] AndroidManifest.xml:11:17-82
322            <meta-data
322-->[:firebase_core] AndroidManifest.xml:9:13-11:85
323                android:name="com.google.firebase.components:io.flutter.plugins.firebase.core.FlutterFirebaseCoreRegistrar"
323-->[:firebase_core] AndroidManifest.xml:10:17-124